2014-11-26 14:14:56 ERROR com.iwebirth.sxfj.server.Server.main:55行 - server启动错误，错误异常: Address already in use: bind
2014-11-27 16:45:16 ERROR org.hibernate.AssertionFailure.<init>:43行 - HHH000099: an assertion failure occured (this may indicate a bug in Hibernate, but is more likely due to unsafe use of the session): org.hibernate.AssertionFailure: null id in com.iwebirth.sxfj.model.RapierModel entry (don't flush the Session after an exception occurs)
2014-11-27 17:14:46 WARN  org.apache.mina.core.service.IoHandlerAdapter.exceptionCaught:55行 - EXCEPTION, please implement com.iwebirth.sxfj.server.ServerIoHandler.exceptionCaught() for proper handling:
java.lang.NullPointerException
	at com.iwebirth.sxfj.server.ServerIoHandler.sessionClosed(ServerIoHandler.java:71)
	at org.apache.mina.core.filterchain.DefaultIoFilterChain$TailFilter.sessionClosed(DefaultIoFilterChain.java:642)
	at org.apache.mina.core.filterchain.DefaultIoFilterChain.callNextSessionClosed(DefaultIoFilterChain.java:382)
	at org.apache.mina.core.filterchain.DefaultIoFilterChain.access$900(DefaultIoFilterChain.java:47)
	at org.apache.mina.core.filterchain.DefaultIoFilterChain$EntryImpl$1.sessionClosed(DefaultIoFilterChain.java:750)
	at org.apache.mina.filter.codec.ProtocolCodecFilter.sessionClosed(ProtocolCodecFilter.java:369)
	at org.apache.mina.core.filterchain.DefaultIoFilterChain.callNextSessionClosed(DefaultIoFilterChain.java:382)
	at org.apache.mina.core.filterchain.DefaultIoFilterChain.access$900(DefaultIoFilterChain.java:47)
	at org.apache.mina.core.filterchain.DefaultIoFilterChain$EntryImpl$1.sessionClosed(DefaultIoFilterChain.java:750)
	at com.iwebirth.sxfj.codec.WhitelistFilter.sessionClosed(WhitelistFilter.java:166)
	at org.apache.mina.filter.util.ReferenceCountingFilter.sessionClosed(ReferenceCountingFilter.java:102)
	at org.apache.mina.core.filterchain.DefaultIoFilterChain.callNextSessionClosed(DefaultIoFilterChain.java:382)
	at org.apache.mina.core.filterchain.DefaultIoFilterChain.access$900(DefaultIoFilterChain.java:47)
	at org.apache.mina.core.filterchain.DefaultIoFilterChain$EntryImpl$1.sessionClosed(DefaultIoFilterChain.java:750)
	at org.apache.mina.core.filterchain.IoFilterAdapter.sessionClosed(IoFilterAdapter.java:88)
	at org.apache.mina.core.filterchain.DefaultIoFilterChain.callNextSessionClosed(DefaultIoFilterChain.java:382)
	at org.apache.mina.core.filterchain.DefaultIoFilterChain.fireSessionClosed(DefaultIoFilterChain.java:375)
	at org.apache.mina.core.service.IoServiceListenerSupport.fireSessionDestroyed(IoServiceListenerSupport.java:244)
	at org.apache.mina.core.polling.AbstractPollingIoProcessor.removeNow(AbstractPollingIoProcessor.java:600)
	at org.apache.mina.core.polling.AbstractPollingIoProcessor.removeSessions(AbstractPollingIoProcessor.java:560)
	at org.apache.mina.core.polling.AbstractPollingIoProcessor.access$800(AbstractPollingIoProcessor.java:67)
	at org.apache.mina.core.polling.AbstractPollingIoProcessor$Processor.run(AbstractPollingIoProcessor.java:1132)
	at org.apache.mina.util.NamePreservingRunnable.run(NamePreservingRunnable.java:64)
	at java.util.concurrent.ThreadPoolExecutor.runWorker(Unknown Source)
	at java.util.concurrent.ThreadPoolExecutor$Worker.run(Unknown Source)
	at java.lang.Thread.run(Unknown Source)
2014-11-27 17:15:15 WARN  org.apache.mina.core.service.IoHandlerAdapter.exceptionCaught:55行 - EXCEPTION, please implement com.iwebirth.sxfj.server.ServerIoHandler.exceptionCaught() for proper handling:
java.lang.NullPointerException
	at com.iwebirth.sxfj.server.ServerIoHandler.sessionClosed(ServerIoHandler.java:71)
	at org.apache.mina.core.filterchain.DefaultIoFilterChain$TailFilter.sessionClosed(DefaultIoFilterChain.java:642)
	at org.apache.mina.core.filterchain.DefaultIoFilterChain.callNextSessionClosed(DefaultIoFilterChain.java:382)
	at org.apache.mina.core.filterchain.DefaultIoFilterChain.access$900(DefaultIoFilterChain.java:47)
	at org.apache.mina.core.filterchain.DefaultIoFilterChain$EntryImpl$1.sessionClosed(DefaultIoFilterChain.java:750)
	at org.apache.mina.filter.codec.ProtocolCodecFilter.sessionClosed(ProtocolCodecFilter.java:369)
	at org.apache.mina.core.filterchain.DefaultIoFilterChain.callNextSessionClosed(DefaultIoFilterChain.java:382)
	at org.apache.mina.core.filterchain.DefaultIoFilterChain.access$900(DefaultIoFilterChain.java:47)
	at org.apache.mina.core.filterchain.DefaultIoFilterChain$EntryImpl$1.sessionClosed(DefaultIoFilterChain.java:750)
	at com.iwebirth.sxfj.codec.WhitelistFilter.sessionClosed(WhitelistFilter.java:166)
	at org.apache.mina.filter.util.ReferenceCountingFilter.sessionClosed(ReferenceCountingFilter.java:102)
	at org.apache.mina.core.filterchain.DefaultIoFilterChain.callNextSessionClosed(DefaultIoFilterChain.java:382)
	at org.apache.mina.core.filterchain.DefaultIoFilterChain.access$900(DefaultIoFilterChain.java:47)
	at org.apache.mina.core.filterchain.DefaultIoFilterChain$EntryImpl$1.sessionClosed(DefaultIoFilterChain.java:750)
	at org.apache.mina.core.filterchain.IoFilterAdapter.sessionClosed(IoFilterAdapter.java:88)
	at org.apache.mina.core.filterchain.DefaultIoFilterChain.callNextSessionClosed(DefaultIoFilterChain.java:382)
	at org.apache.mina.core.filterchain.DefaultIoFilterChain.fireSessionClosed(DefaultIoFilterChain.java:375)
	at org.apache.mina.core.service.IoServiceListenerSupport.fireSessionDestroyed(IoServiceListenerSupport.java:244)
	at org.apache.mina.core.polling.AbstractPollingIoProcessor.removeNow(AbstractPollingIoProcessor.java:600)
	at org.apache.mina.core.polling.AbstractPollingIoProcessor.removeSessions(AbstractPollingIoProcessor.java:560)
	at org.apache.mina.core.polling.AbstractPollingIoProcessor.access$800(AbstractPollingIoProcessor.java:67)
	at org.apache.mina.core.polling.AbstractPollingIoProcessor$Processor.run(AbstractPollingIoProcessor.java:1132)
	at org.apache.mina.util.NamePreservingRunnable.run(NamePreservingRunnable.java:64)
	at java.util.concurrent.ThreadPoolExecutor.runWorker(Unknown Source)
	at java.util.concurrent.ThreadPoolExecutor$Worker.run(Unknown Source)
	at java.lang.Thread.run(Unknown Source)
2014-11-27 17:21:13 WARN  org.apache.mina.core.service.IoHandlerAdapter.exceptionCaught:55行 - EXCEPTION, please implement com.iwebirth.sxfj.server.ServerIoHandler.exceptionCaught() for proper handling:
java.lang.NullPointerException
	at com.iwebirth.sxfj.server.ServerIoHandler.sessionClosed(ServerIoHandler.java:71)
	at org.apache.mina.core.filterchain.DefaultIoFilterChain$TailFilter.sessionClosed(DefaultIoFilterChain.java:642)
	at org.apache.mina.core.filterchain.DefaultIoFilterChain.callNextSessionClosed(DefaultIoFilterChain.java:382)
	at org.apache.mina.core.filterchain.DefaultIoFilterChain.access$900(DefaultIoFilterChain.java:47)
	at org.apache.mina.core.filterchain.DefaultIoFilterChain$EntryImpl$1.sessionClosed(DefaultIoFilterChain.java:750)
	at org.apache.mina.filter.codec.ProtocolCodecFilter.sessionClosed(ProtocolCodecFilter.java:369)
	at org.apache.mina.core.filterchain.DefaultIoFilterChain.callNextSessionClosed(DefaultIoFilterChain.java:382)
	at org.apache.mina.core.filterchain.DefaultIoFilterChain.access$900(DefaultIoFilterChain.java:47)
	at org.apache.mina.core.filterchain.DefaultIoFilterChain$EntryImpl$1.sessionClosed(DefaultIoFilterChain.java:750)
	at com.iwebirth.sxfj.codec.WhitelistFilter.sessionClosed(WhitelistFilter.java:166)
	at org.apache.mina.filter.util.ReferenceCountingFilter.sessionClosed(ReferenceCountingFilter.java:102)
	at org.apache.mina.core.filterchain.DefaultIoFilterChain.callNextSessionClosed(DefaultIoFilterChain.java:382)
	at org.apache.mina.core.filterchain.DefaultIoFilterChain.access$900(DefaultIoFilterChain.java:47)
	at org.apache.mina.core.filterchain.DefaultIoFilterChain$EntryImpl$1.sessionClosed(DefaultIoFilterChain.java:750)
	at org.apache.mina.core.filterchain.IoFilterAdapter.sessionClosed(IoFilterAdapter.java:88)
	at org.apache.mina.core.filterchain.DefaultIoFilterChain.callNextSessionClosed(DefaultIoFilterChain.java:382)
	at org.apache.mina.core.filterchain.DefaultIoFilterChain.fireSessionClosed(DefaultIoFilterChain.java:375)
	at org.apache.mina.core.service.IoServiceListenerSupport.fireSessionDestroyed(IoServiceListenerSupport.java:244)
	at org.apache.mina.core.polling.AbstractPollingIoProcessor.removeNow(AbstractPollingIoProcessor.java:600)
	at org.apache.mina.core.polling.AbstractPollingIoProcessor.removeSessions(AbstractPollingIoProcessor.java:560)
	at org.apache.mina.core.polling.AbstractPollingIoProcessor.access$800(AbstractPollingIoProcessor.java:67)
	at org.apache.mina.core.polling.AbstractPollingIoProcessor$Processor.run(AbstractPollingIoProcessor.java:1132)
	at org.apache.mina.util.NamePreservingRunnable.run(NamePreservingRunnable.java:64)
	at java.util.concurrent.ThreadPoolExecutor.runWorker(Unknown Source)
	at java.util.concurrent.ThreadPoolExecutor$Worker.run(Unknown Source)
	at java.lang.Thread.run(Unknown Source)
2014-11-27 18:22:32 ERROR com.iwebirth.sxfj.server.RAServer.main:45行 - server启动错误，错误异常: Address already in use: bind
2014-11-27 19:04:01 ERROR com.iwebirth.sxfj.server.RAServer.main:50行 - server启动错误，错误异常: Address already in use: bind
2014-11-27 19:20:12 ERROR com.iwebirth.sxfj.server.RAServer.main:53行 - server启动错误，错误异常: Address already in use: bind
2014-11-27 21:08:29 ERROR com.iwebirth.sxfj.server.AIServer.main:58行 - server启动错误，错误异常: Address already in use: bind
